<?xml version="1.0" encoding="UTF-8"?>
<!-- Generated by org.testng.reporters.JUnitXMLReporter -->
<testsuite ignored="0" hostname="Loves-MacBook-Air.local" failures="1" tests="1" name="fireFoxTest" time="6.738" errors="0" timestamp="2022-06-30T19:30:00 IST">
  <testcase classname="seleniumSampleTests.GoogleSearch" name="basic" time="0.02">
    <failure type="java.lang.NullPointerException">
      <![CDATA[java.lang.NullPointerException
at seleniumSampleTests.GoogleSearch.basic(GoogleSearch.java:105)
at java.base/java.util.ArrayList.forEach(ArrayList.java:1541)
at java.base/java.util.concurrent.FutureTask.run(FutureTask.java:264)
at java.base/java.util.concurrent.ThreadPoolExecutor.runWorker(ThreadPoolExecutor.java:1128)
at java.base/java.util.concurrent.ThreadPoolExecutor$Worker.run(ThreadPoolExecutor.java:628)
at java.base/java.lang.Thread.run(Thread.java:834)
... Removed 18 stack frames]]>
    </failure>
  </testcase> <!-- basic -->
</testsuite> <!-- fireFoxTest -->
