<?xml version="1.0" encoding="UTF-8"?>
<testng-results ignored="0" total="3" passed="2" failed="1" skipped="0">
  <reporter-output>
    <line>
      <![CDATA[Browser selected is : Firefox for OS : Mac]]>
    </line>
    <line>
      <![CDATA[Browser selected is : chrome for OS : Mac]]>
    </line>
    <line>
      <![CDATA[Browser selected is : Edge for OS : Mac]]>
    </line>
    <line>
      <![CDATA[Browser launched is with URL : https://www.google.co.in/]]>
    </line>
    <line>
      <![CDATA[Browser launched is with URL : https://www.google.co.in/]]>
    </line>
    <line>
      <![CDATA[User enter the keyword 'airindia' in search box of Google]]>
    </line>
    <line>
      <![CDATA[User enter the keyword 'airindia' in search box of Google]]>
    </line>
  </reporter-output>
  <suite started-at="2022-06-30T19:29:53 IST" name="Suite" finished-at="2022-06-30T19:30:11 IST" duration-ms="18113">
    <groups>
    </groups>
    <test started-at="2022-06-30T19:29:53 IST" name="fireFoxTest" finished-at="2022-06-30T19:30:00 IST" duration-ms="6738">
      <class name="seleniumSampleTests.GoogleSearch">
        <test-method is-config="true" signature="driverinitialisation(java.lang.String)[pri:0, instance:seleniumSampleTests.GoogleSearch@3c73951]" started-at="2022-06-30T19:29:53 IST" name="driverinitialisation" finished-at="2022-06-30T19:30:00 IST" duration-ms="6641" status="PASS">
          <params>
            <param index="0">
              <value>
                <![CDATA[Firefox]]>
              </value>
            </param>
          </params>
          <reporter-output>
            <line>
              <![CDATA[Browser selected is : Firefox for OS : Mac]]>
            </line>
          </reporter-output>
        </test-method> <!-- driverinitialisation -->
        <test-method signature="basic()[pri:0, instance:seleniumSampleTests.GoogleSearch@3c73951]" started-at="2022-06-30T19:30:00 IST" name="basic" finished-at="2022-06-30T19:30:00 IST" duration-ms="20" status="FAIL">
          <exception class="java.lang.NullPointerException">
            <full-stacktrace>
              <![CDATA[java.lang.NullPointerException
at seleniumSampleTests.GoogleSearch.basic(GoogleSearch.java:105)
at java.base/jdk.internal.reflect.NativeMethodAccessorImpl.invoke0(Native Method)
at java.base/jdk.internal.reflect.NativeMethodAccessorImpl.invoke(NativeMethodAccessorImpl.java:62)
at java.base/jdk.internal.reflect.DelegatingMethodAccessorImpl.invoke(DelegatingMethodAccessorImpl.java:43)
at java.base/java.lang.reflect.Method.invoke(Method.java:566)
at org.testng.internal.MethodInvocationHelper.invokeMethod(MethodInvocationHelper.java:132)
at org.testng.internal.TestInvoker.invokeMethod(TestInvoker.java:599)
at org.testng.internal.TestInvoker.invokeTestMethod(TestInvoker.java:174)
at org.testng.internal.MethodRunner.runInSequence(MethodRunner.java:46)
at org.testng.internal.TestInvoker$MethodInvocationAgent.invoke(TestInvoker.java:822)
at org.testng.internal.TestInvoker.invokeTestMethods(TestInvoker.java:147)
at org.testng.internal.TestMethodWorker.invokeTestMethods(TestMethodWorker.java:146)
at org.testng.internal.TestMethodWorker.run(TestMethodWorker.java:128)
at java.base/java.util.ArrayList.forEach(ArrayList.java:1541)
at org.testng.TestRunner.privateRun(TestRunner.java:764)
at org.testng.TestRunner.run(TestRunner.java:585)
at org.testng.SuiteRunner.runTest(SuiteRunner.java:384)
at org.testng.SuiteRunner.access$000(SuiteRunner.java:28)
at org.testng.SuiteRunner$SuiteWorker.run(SuiteRunner.java:425)
at org.testng.internal.thread.ThreadUtil.lambda$execute$0(ThreadUtil.java:66)
at java.base/java.util.concurrent.FutureTask.run(FutureTask.java:264)
at java.base/java.util.concurrent.ThreadPoolExecutor.runWorker(ThreadPoolExecutor.java:1128)
at java.base/java.util.concurrent.ThreadPoolExecutor$Worker.run(ThreadPoolExecutor.java:628)
at java.base/java.lang.Thread.run(Thread.java:834)
]]>
            </full-stacktrace>
          </exception> <!-- java.lang.NullPointerException -->
          <reporter-output>
          </reporter-output>
        </test-method> <!-- basic -->
      </class> <!-- seleniumSampleTests.GoogleSearch -->
    </test> <!-- fireFoxTest -->
    <test started-at="2022-06-30T19:29:53 IST" name="chromeTest" finished-at="2022-06-30T19:30:10 IST" duration-ms="17396">
      <class name="seleniumSampleTests.GoogleSearch">
        <test-method is-config="true" signature="driverinitialisation(java.lang.String)[pri:0, instance:seleniumSampleTests.GoogleSearch@1a4013]" started-at="2022-06-30T19:29:53 IST" name="driverinitialisation" finished-at="2022-06-30T19:30:03 IST" duration-ms="9742" status="PASS">
          <params>
            <param index="0">
              <value>
                <![CDATA[chrome]]>
              </value>
            </param>
          </params>
          <reporter-output>
            <line>
              <![CDATA[Browser selected is : chrome for OS : Mac]]>
            </line>
          </reporter-output>
        </test-method> <!-- driverinitialisation -->
        <test-method signature="basic()[pri:0, instance:seleniumSampleTests.GoogleSearch@1a4013]" started-at="2022-06-30T19:30:03 IST" name="basic" finished-at="2022-06-30T19:30:10 IST" duration-ms="7619" status="PASS">
          <reporter-output>
            <line>
              <![CDATA[Browser launched is with URL : https://www.google.co.in/]]>
            </line>
            <line>
              <![CDATA[User enter the keyword 'airindia' in search box of Google]]>
            </line>
          </reporter-output>
        </test-method> <!-- basic -->
      </class> <!-- seleniumSampleTests.GoogleSearch -->
    </test> <!-- chromeTest -->
    <test started-at="2022-06-30T19:29:53 IST" name="edgeTest" finished-at="2022-06-30T19:30:11 IST" duration-ms="18113">
      <class name="seleniumSampleTests.GoogleSearch">
        <test-method is-config="true" signature="driverinitialisation(java.lang.String)[pri:0, instance:seleniumSampleTests.GoogleSearch@3e84448c]" started-at="2022-06-30T19:29:53 IST" name="driverinitialisation" finished-at="2022-06-30T19:30:03 IST" duration-ms="9790" status="PASS">
          <params>
            <param index="0">
              <value>
                <![CDATA[Edge]]>
              </value>
            </param>
          </params>
          <reporter-output>
            <line>
              <![CDATA[Browser selected is : Edge for OS : Mac]]>
            </line>
          </reporter-output>
        </test-method> <!-- driverinitialisation -->
        <test-method signature="basic()[pri:0, instance:seleniumSampleTests.GoogleSearch@3e84448c]" started-at="2022-06-30T19:30:03 IST" name="basic" finished-at="2022-06-30T19:30:11 IST" duration-ms="8286" status="PASS">
          <reporter-output>
            <line>
              <![CDATA[Browser launched is with URL : https://www.google.co.in/]]>
            </line>
            <line>
              <![CDATA[User enter the keyword 'airindia' in search box of Google]]>
            </line>
          </reporter-output>
        </test-method> <!-- basic -->
      </class> <!-- seleniumSampleTests.GoogleSearch -->
    </test> <!-- edgeTest -->
  </suite> <!-- Suite -->
</testng-results>
